<?xml version="1.0" encoding="UTF-8"?>
<!-- Generated by org.testng.reporters.JUnitXMLReporter -->
<testsuite ignored="0" hostname="Swetha" failures="1" tests="2" name="Test" time="30.922" errors="0" timestamp="2023-04-01T16:44:04 IST">
  <testcase classname="test.Demo_ErrorValidations_Test" name="errorValidationOnEnginePerformance" time="3.067"/>
  <testcase classname="test.Demo_ErrorValidations_Test" name="verifyDropdownOptions" time="2.033">
    <failure type="java.lang.AssertionError" message="Lists differ at element [1]: Peol != Petrol expected [Peol] but found [Petrol]">
      <![CDATA[java.lang.AssertionError: Lists differ at element [1]: Peol != Petrol expected [Peol] but found [Petrol]
at test.Demo_ErrorValidations_Test.verifyDropdownOptions(Demo_ErrorValidations_Test.java:29)
at java.base/java.util.ArrayList.forEach(ArrayList.java:1511)
... Removed 34 stack frames]]>
    </failure>
  </testcase> <!-- verifyDropdownOptions -->
</testsuite> <!-- Test -->
