<?xml version="1.0" encoding="UTF-8"?>
<testng-results ignored="0" total="2" passed="2" failed="0" skipped="0">
  <reporter-output>
  </reporter-output>
  <suite started-at="2023-04-01T16:40:55 IST" name="Default suite" finished-at="2023-04-01T16:41:24 IST" duration-ms="29219">
    <groups>
    </groups>
    <test started-at="2023-04-01T16:40:55 IST" name="Default test" finished-at="2023-04-01T16:41:24 IST" duration-ms="29219">
      <class name="test.Demo_ErrorValidations_Test">
        <test-method is-config="true" signature="setup()[pri:0, instance:test.Demo_ErrorValidations_Test@9597028]" started-at="2023-04-01T16:40:55 IST" name="setup" finished-at="2023-04-01T16:41:07 IST" duration-ms="11835" status="PASS">
          <reporter-output>
          </reporter-output>
        </test-method> <!-- setup -->
        <test-method signature="errorValidationOnEnginePerformance()[pri:1, instance:test.Demo_ErrorValidations_Test@9597028]" started-at="2023-04-01T16:41:07 IST" name="errorValidationOnEnginePerformance" finished-at="2023-04-01T16:41:10 IST" duration-ms="3021" status="PASS">
          <reporter-output>
          </reporter-output>
        </test-method> <!-- errorValidationOnEnginePerformance -->
        <test-method is-config="true" signature="tearDown()[pri:0, instance:test.Demo_ErrorValidations_Test@9597028]" started-at="2023-04-01T16:41:10 IST" name="tearDown" finished-at="2023-04-01T16:41:10 IST" duration-ms="442" status="PASS">
          <reporter-output>
          </reporter-output>
        </test-method> <!-- tearDown -->
        <test-method is-config="true" signature="setup()[pri:0, instance:test.Demo_ErrorValidations_Test@9597028]" started-at="2023-04-01T16:41:10 IST" name="setup" finished-at="2023-04-01T16:41:21 IST" duration-ms="10681" status="PASS">
          <reporter-output>
          </reporter-output>
        </test-method> <!-- setup -->
        <test-method signature="verifyDropdownOptions()[pri:2, instance:test.Demo_ErrorValidations_Test@9597028]" started-at="2023-04-01T16:41:21 IST" name="verifyDropdownOptions" finished-at="2023-04-01T16:41:24 IST" duration-ms="2880" status="PASS">
          <reporter-output>
          </reporter-output>
        </test-method> <!-- verifyDropdownOptions -->
        <test-method is-config="true" signature="tearDown()[pri:0, instance:test.Demo_ErrorValidations_Test@9597028]" started-at="2023-04-01T16:41:24 IST" name="tearDown" finished-at="2023-04-01T16:41:24 IST" duration-ms="284" status="PASS">
          <reporter-output>
          </reporter-output>
        </test-method> <!-- tearDown -->
      </class> <!-- test.Demo_ErrorValidations_Test -->
    </test> <!-- Default test -->
  </suite> <!-- Default suite -->
</testng-results>
